<?xml version="1.0" encoding="UTF-8" standalone="no"?>
<testsuite failures="1" name="cucumber.runtime.formatter.JUnitFormatter" skipped="0" tests="1" time="22.610223">
<testcase classname="To Verify Case Complete flow from Creation to Completion" name=": Verify Io lead should be able to create a Case" time="22.610223">
<failure message="org.openqa.selenium.NoSuchElementException: no such element: Unable to locate element: {&quot;method&quot;:&quot;xpath&quot;,&quot;selector&quot;:&quot;//div/label[text()='Date *']/parent::div//div/input&quot;}&#10;  (Session info: chrome=72.0.3626.109)&#10;  (Driver info: chromedriver=2.45.615291 (ec3682e3c9061c10f26ea9e5cdcf3c53f3f74387),platform=Windows NT 10.0.17134 x86_64) (WARNING: The server did not provide any stacktrace information)&#10;Command duration or timeout: 0 milliseconds&#10;For documentation on this error, please visit: https://www.seleniumhq.org/exceptions/no_such_element.html&#10;Build info: version: '3.141.59', revision: 'e82be7d358', time: '2018-11-14T08:17:03'&#10;System info: host: 'BT-INDIA-COM9', ip: '172.25.10.72', os.name: 'Windows 10', os.arch: 'amd64', os.version: '10.0', java.version: '1.8.0_181'&#10;Driver info: org.openqa.selenium.chrome.ChromeDriver&#10;Capabilities {acceptInsecureCerts: false, acceptSslCerts: false, applicationCacheEnabled: false, browserConnectionEnabled: false, browserName: chrome, chrome: {chromedriverVersion: 2.45.615291 (ec3682e3c9061c..., userDataDir: C:\Users\Mohit\AppData\Loca...}, cssSelectorsEnabled: true, databaseEnabled: false, goog:chromeOptions: {debuggerAddress: localhost:65088}, handlesAlerts: true, hasTouchScreen: false, javascriptEnabled: true, locationContextEnabled: true, mobileEmulationEnabled: false, nativeEvents: true, networkConnectionEnabled: false, pageLoadStrategy: normal, platform: XP, platformName: XP, proxy: Proxy(), rotatable: false, setWindowRect: true, strictFileInteractability: false, takesHeapSnapshot: true, takesScreenshot: true, timeouts: {implicit: 0, pageLoad: 300000, script: 30000}, unexpectedAlertBehaviour: ignore, unhandledPromptBehavior: ignore, version: 72.0.3626.109, webStorageEnabled: true}&#10;Session ID: 1e4d2afd8e12cf92269683c5acadcc4e&#10;*** Element info: {Using=xpath, value=//div/label[text()='Date *']/parent::div//div/input}&#13;&#10;&#9;at sun.reflect.NativeConstructorAccessorImpl.newInstance0(Native Method)&#13;&#10;&#9;at sun.reflect.NativeConstructorAccessorImpl.newInstance(Unknown Source)&#13;&#10;&#9;at sun.reflect.DelegatingConstructorAccessorImpl.newInstance(Unknown Source)&#13;&#10;&#9;at java.lang.reflect.Constructor.newInstance(Unknown Source)&#13;&#10;&#9;at org.openqa.selenium.remote.ErrorHandler.createThrowable(ErrorHandler.java:214)&#13;&#10;&#9;at org.openqa.selenium.remote.ErrorHandler.throwIfResponseFailed(ErrorHandler.java:166)&#13;&#10;&#9;at org.openqa.selenium.remote.http.JsonHttpResponseCodec.reconstructValue(JsonHttpResponseCodec.java:40)&#13;&#10;&#9;at org.openqa.selenium.remote.http.AbstractHttpResponseCodec.decode(AbstractHttpResponseCodec.java:80)&#13;&#10;&#9;at org.openqa.selenium.remote.http.AbstractHttpResponseCodec.decode(AbstractHttpResponseCodec.java:44)&#13;&#10;&#9;at org.openqa.selenium.remote.HttpCommandExecutor.execute(HttpCommandExecutor.java:158)&#13;&#10;&#9;at org.openqa.selenium.remote.service.DriverCommandExecutor.execute(DriverCommandExecutor.java:83)&#13;&#10;&#9;at org.openqa.selenium.remote.RemoteWebDriver.execute(RemoteWebDriver.java:552)&#13;&#10;&#9;at org.openqa.selenium.remote.RemoteWebDriver.findElement(RemoteWebDriver.java:323)&#13;&#10;&#9;at org.openqa.selenium.remote.RemoteWebDriver.findElementByXPath(RemoteWebDriver.java:428)&#13;&#10;&#9;at org.openqa.selenium.By$ByXPath.findElement(By.java:353)&#13;&#10;&#9;at org.openqa.selenium.remote.RemoteWebDriver.findElement(RemoteWebDriver.java:315)&#13;&#10;&#9;at PageObjects.BrowserBot.getElement(BrowserBot.java:97)&#13;&#10;&#9;at PageObjects.BrowserBot.getAttributeValue(BrowserBot.java:119)&#13;&#10;&#9;at PageObjects.CreateNewCasePage.verifyCurrentDate(CreateNewCasePage.java:56)&#13;&#10;&#9;at PageObjects.CreateNewCasePage.enterIOLeadCaseDetails(CreateNewCasePage.java:105)&#13;&#10;&#9;at step_definitions.CreateNewCase.ioLeadCaseDetails(CreateNewCase.java:35)&#13;&#10;&#9;at ✽.When IO lead entres all case details to create New Case(features/Verify_IO_Lead_Create_Case_Functonlity.feature:14)&#13;&#10;"><![CDATA[Given User navigates to iMAGENEcsi SIT portal login page....................passed
Then Verify the title of the imagenecsi application.........................passed
When IO Lead enters "email462@mailinator.com" and "Test@123" in login page..passed
And User click on Login button..............................................passed
Then Verify Dashboard page is display.......................................passed
When Click on New Case in Dashboard page....................................passed
Then Verify the Create New Case page is display.............................passed
When IO lead entres all case details to create New Case.....................failed
When Click on Save Button...................................................skipped
Then Verify case created success message....................................skipped
Then Verify case status should be in "Draft"................................skipped
When User clicks on Logout button...........................................skipped
When IO Lead enters "email462@mailinator.com" and "Test@123" in login page..skipped
And User clicks on View Details link in card layout in dashboard for the created case.skipped
Then Verify user should be navigate to the case details page of particular case.skipped
When User clicks on Submit button...........................................skipped
Then Verify error message for registering a case it must have minimum 4 fish eye image is mandatory.skipped
When Upload fisheye images..................................................skipped
Then Click on Submit button.................................................skipped
Then Verify Evidence Images or Sketches are not uploaded alert message......skipped
When User click on Proceed Button in pop up.................................skipped
When Click on Back button...................................................skipped
Then Verify case status should be in "Registered"...........................skipped
When User clicks on View Details link in card layout in dashboard for the created case.skipped
When User selects Reporting lead from the dropdown "Srini Reporting Lead"...skipped
And User clicks on Assign Button............................................skipped
Then Verify the Case is Assigned To "Srini Reporting Lead" Reporting Lead...skipped
When User clicks on Logout button...........................................skipped

StackTrace:
org.openqa.selenium.NoSuchElementException: no such element: Unable to locate element: {"method":"xpath","selector":"//div/label[text()='Date *']/parent::div//div/input"}
  (Session info: chrome=72.0.3626.109)
  (Driver info: chromedriver=2.45.615291 (ec3682e3c9061c10f26ea9e5cdcf3c53f3f74387),platform=Windows NT 10.0.17134 x86_64) (WARNING: The server did not provide any stacktrace information)
Command duration or timeout: 0 milliseconds
For documentation on this error, please visit: https://www.seleniumhq.org/exceptions/no_such_element.html
Build info: version: '3.141.59', revision: 'e82be7d358', time: '2018-11-14T08:17:03'
System info: host: 'BT-INDIA-COM9', ip: '172.25.10.72', os.name: 'Windows 10', os.arch: 'amd64', os.version: '10.0', java.version: '1.8.0_181'
Driver info: org.openqa.selenium.chrome.ChromeDriver
Capabilities {acceptInsecureCerts: false, acceptSslCerts: false, applicationCacheEnabled: false, browserConnectionEnabled: false, browserName: chrome, chrome: {chromedriverVersion: 2.45.615291 (ec3682e3c9061c..., userDataDir: C:\Users\Mohit\AppData\Loca...}, cssSelectorsEnabled: true, databaseEnabled: false, goog:chromeOptions: {debuggerAddress: localhost:65088}, handlesAlerts: true, hasTouchScreen: false, javascriptEnabled: true, locationContextEnabled: true, mobileEmulationEnabled: false, nativeEvents: true, networkConnectionEnabled: false, pageLoadStrategy: normal, platform: XP, platformName: XP, proxy: Proxy(), rotatable: false, setWindowRect: true, strictFileInteractability: false, takesHeapSnapshot: true, takesScreenshot: true, timeouts: {implicit: 0, pageLoad: 300000, script: 30000}, unexpectedAlertBehaviour: ignore, unhandledPromptBehavior: ignore, version: 72.0.3626.109, webStorageEnabled: true}
Session ID: 1e4d2afd8e12cf92269683c5acadcc4e
*** Element info: {Using=xpath, value=//div/label[text()='Date *']/parent::div//div/input}
	at sun.reflect.NativeConstructorAccessorImpl.newInstance0(Native Method)
	at sun.reflect.NativeConstructorAccessorImpl.newInstance(Unknown Source)
	at sun.reflect.DelegatingConstructorAccessorImpl.newInstance(Unknown Source)
	at java.lang.reflect.Constructor.newInstance(Unknown Source)
	at org.openqa.selenium.remote.ErrorHandler.createThrowable(ErrorHandler.java:214)
	at org.openqa.selenium.remote.ErrorHandler.throwIfResponseFailed(ErrorHandler.java:166)
	at org.openqa.selenium.remote.http.JsonHttpResponseCodec.reconstructValue(JsonHttpResponseCodec.java:40)
	at org.openqa.selenium.remote.http.AbstractHttpResponseCodec.decode(AbstractHttpResponseCodec.java:80)
	at org.openqa.selenium.remote.http.AbstractHttpResponseCodec.decode(AbstractHttpResponseCodec.java:44)
	at org.openqa.selenium.remote.HttpCommandExecutor.execute(HttpCommandExecutor.java:158)
	at org.openqa.selenium.remote.service.DriverCommandExecutor.execute(DriverCommandExecutor.java:83)
	at org.openqa.selenium.remote.RemoteWebDriver.execute(RemoteWebDriver.java:552)
	at org.openqa.selenium.remote.RemoteWebDriver.findElement(RemoteWebDriver.java:323)
	at org.openqa.selenium.remote.RemoteWebDriver.findElementByXPath(RemoteWebDriver.java:428)
	at org.openqa.selenium.By$ByXPath.findElement(By.java:353)
	at org.openqa.selenium.remote.RemoteWebDriver.findElement(RemoteWebDriver.java:315)
	at PageObjects.BrowserBot.getElement(BrowserBot.java:97)
	at PageObjects.BrowserBot.getAttributeValue(BrowserBot.java:119)
	at PageObjects.CreateNewCasePage.verifyCurrentDate(CreateNewCasePage.java:56)
	at PageObjects.CreateNewCasePage.enterIOLeadCaseDetails(CreateNewCasePage.java:105)
	at step_definitions.CreateNewCase.ioLeadCaseDetails(CreateNewCase.java:35)
	at ✽.When IO lead entres all case details to create New Case(features/Verify_IO_Lead_Create_Case_Functonlity.feature:14)
]]></failure>
</testcase>
</testsuite>
